<?xml version="1.0" encoding="UTF-8"?>
<!-- Generated by org.testng.reporters.JUnitXMLReporter -->
<testsuite hostname="DESKTOP-R408AKF" ignored="0" name="Default test" tests="4" failures="0" timestamp="09 Jan 2020 07:38:43 GMT" time="28.777" errors="0">
  <testcase name="Navigation" time="0.111" classname="com.testing.framework.HomePageTest"/>
  <testcase name="validate_text_registor" time="0.048" classname="com.testing.framework.HomePageTest"/>
  <testcase name="login_page_data" time="9.639" classname="com.testing.framework.HomePageTest"/>
  <testcase name="login_page_data" time="7.577" classname="com.testing.framework.HomePageTest"/>
</testsuite> <!-- Default test -->
