<?xml version="1.0" encoding="UTF-8"?>
<testng-results skipped="0" failed="0" ignored="0" total="4" passed="4">
  <reporter-output>
  </reporter-output>
  <suite name="Default suite" duration-ms="28777" started-at="2020-01-09T07:38:14Z" finished-at="2020-01-09T07:38:43Z">
    <groups>
    </groups>
    <test name="Default test" duration-ms="28777" started-at="2020-01-09T07:38:14Z" finished-at="2020-01-09T07:38:43Z">
      <class name="com.testing.framework.HomePageTest">
        <test-method status="PASS" signature="init()[pri:0, instance:com.testing.framework.HomePageTest@6356695f]" name="init" is-config="true" duration-ms="11361" started-at="2020-01-09T07:38:14Z" finished-at="2020-01-09T07:38:25Z">
          <reporter-output>
          </reporter-output>
        </test-method> <!-- init -->
        <test-method status="PASS" signature="Navigation()[pri:1, instance:com.testing.framework.HomePageTest@6356695f]" name="Navigation" duration-ms="111" started-at="2020-01-09T07:38:25Z" finished-at="2020-01-09T07:38:25Z">
          <reporter-output>
          </reporter-output>
        </test-method> <!-- Navigation -->
        <test-method status="PASS" signature="validate_text_registor()[pri:2, instance:com.testing.framework.HomePageTest@6356695f]" name="validate_text_registor" duration-ms="48" started-at="2020-01-09T07:38:25Z" finished-at="2020-01-09T07:38:25Z">
          <reporter-output>
          </reporter-output>
        </test-method> <!-- validate_text_registor -->
        <test-method status="PASS" signature="login_page_data(java.lang.String, java.lang.String)[pri:3, instance:com.testing.framework.HomePageTest@6356695f]" name="login_page_data" duration-ms="9639" started-at="2020-01-09T07:38:25Z" data-provider="getdata" finished-at="2020-01-09T07:38:35Z">
          <params>
            <param index="0">
              <value>
                <![CDATA[abc@wq.com]]>
              </value>
            </param>
            <param index="1">
              <value>
                <![CDATA[123456]]>
              </value>
            </param>
          </params>
          <reporter-output>
          </reporter-output>
        </test-method> <!-- login_page_data -->
        <test-method status="PASS" signature="login_page_data(java.lang.String, java.lang.String)[pri:3, instance:com.testing.framework.HomePageTest@6356695f]" name="login_page_data" duration-ms="7577" started-at="2020-01-09T07:38:35Z" data-provider="getdata" finished-at="2020-01-09T07:38:43Z">
          <params>
            <param index="0">
              <value>
                <![CDATA[cds@we.com]]>
              </value>
            </param>
            <param index="1">
              <value>
                <![CDATA[1233334]]>
              </value>
            </param>
          </params>
          <reporter-output>
          </reporter-output>
        </test-method> <!-- login_page_data -->
        <test-method status="PASS" signature="close_browser()[pri:0, instance:com.testing.framework.HomePageTest@6356695f]" name="close_browser" is-config="true" duration-ms="0" started-at="2020-01-09T07:38:43Z" finished-at="2020-01-09T07:38:43Z">
          <reporter-output>
          </reporter-output>
        </test-method> <!-- close_browser -->
      </class> <!-- com.testing.framework.HomePageTest -->
    </test> <!-- Default test -->
  </suite> <!-- Default suite -->
</testng-results>
