<?xml version="1.0" encoding="UTF-8"?>
<testng-results skipped="0" failed="0" ignored="0" total="1" passed="1">
  <reporter-output>
  </reporter-output>
  <suite name="Surefire suite" duration-ms="270" started-at="2020-01-08T23:32:12 IST" finished-at="2020-01-08T23:32:12 IST">
    <groups>
    </groups>
    <test name="Surefire test" duration-ms="270" started-at="2020-01-08T23:32:12 IST" finished-at="2020-01-08T23:32:12 IST">
      <class name="com.testing.framework.AppTest">
        <test-method status="PASS" signature="shouldAnswerWithTrue()" name="shouldAnswerWithTrue" duration-ms="15" started-at="2020-01-08T23:32:12 IST" finished-at="2020-01-08T23:32:12 IST">
          <reporter-output>
          </reporter-output>
        </test-method> <!-- shouldAnswerWithTrue -->
      </class> <!-- com.testing.framework.AppTest -->
    </test> <!-- Surefire test -->
  </suite> <!-- Surefire suite -->
</testng-results>
