<?xml version="1.0" encoding="UTF-8"?>
<testng-results skipped="0" failed="0" ignored="0" total="3" passed="3">
  <reporter-output>
  </reporter-output>
  <suite name="Default suite" duration-ms="53359" started-at="2020-01-06T13:12:53Z" finished-at="2020-01-06T13:13:46Z">
    <groups>
    </groups>
    <test name="Default test" duration-ms="53359" started-at="2020-01-06T13:12:53Z" finished-at="2020-01-06T13:13:46Z">
      <class name="com.data.DataProviderConcept">
        <test-method status="PASS" signature="setup()[pri:0, instance:com.data.DataProviderConcept@1e88b3c]" name="setup" is-config="true" duration-ms="6944" started-at="2020-01-06T13:12:54Z" finished-at="2020-01-06T13:13:01Z">
          <reporter-output>
          </reporter-output>
        </test-method> <!-- setup -->
        <test-method status="PASS" signature="testcase(java.lang.String)[pri:0, instance:com.data.DataProviderConcept@1e88b3c]" name="testcase" duration-ms="7400" started-at="2020-01-06T13:13:01Z" data-provider="getdata" finished-at="2020-01-06T13:13:08Z">
          <params>
            <param index="0">
              <value>
                <![CDATA[java]]>
              </value>
            </param>
          </params>
          <reporter-output>
          </reporter-output>
        </test-method> <!-- testcase -->
        <test-method status="PASS" signature="close()[pri:0, instance:com.data.DataProviderConcept@1e88b3c]" name="close" is-config="true" duration-ms="198" started-at="2020-01-06T13:13:08Z" finished-at="2020-01-06T13:13:08Z">
          <reporter-output>
          </reporter-output>
        </test-method> <!-- close -->
        <test-method status="PASS" signature="setup()[pri:0, instance:com.data.DataProviderConcept@1e88b3c]" name="setup" is-config="true" duration-ms="7096" started-at="2020-01-06T13:13:08Z" finished-at="2020-01-06T13:13:16Z">
          <reporter-output>
          </reporter-output>
        </test-method> <!-- setup -->
        <test-method status="PASS" signature="testcase(java.lang.String)[pri:0, instance:com.data.DataProviderConcept@1e88b3c]" name="testcase" duration-ms="8830" started-at="2020-01-06T13:13:16Z" data-provider="getdata" finished-at="2020-01-06T13:13:24Z">
          <params>
            <param index="0">
              <value>
                <![CDATA[selenium]]>
              </value>
            </param>
          </params>
          <reporter-output>
          </reporter-output>
        </test-method> <!-- testcase -->
        <test-method status="PASS" signature="close()[pri:0, instance:com.data.DataProviderConcept@1e88b3c]" name="close" is-config="true" duration-ms="4362" started-at="2020-01-06T13:13:24Z" finished-at="2020-01-06T13:13:29Z">
          <reporter-output>
          </reporter-output>
        </test-method> <!-- close -->
        <test-method status="PASS" signature="setup()[pri:0, instance:com.data.DataProviderConcept@1e88b3c]" name="setup" is-config="true" duration-ms="6831" started-at="2020-01-06T13:13:29Z" finished-at="2020-01-06T13:13:36Z">
          <reporter-output>
          </reporter-output>
        </test-method> <!-- setup -->
        <test-method status="PASS" signature="testcase(java.lang.String)[pri:0, instance:com.data.DataProviderConcept@1e88b3c]" name="testcase" duration-ms="10746" started-at="2020-01-06T13:13:36Z" data-provider="getdata" finished-at="2020-01-06T13:13:46Z">
          <params>
            <param index="0">
              <value>
                <![CDATA[python]]>
              </value>
            </param>
          </params>
          <reporter-output>
          </reporter-output>
        </test-method> <!-- testcase -->
        <test-method status="PASS" signature="close()[pri:0, instance:com.data.DataProviderConcept@1e88b3c]" name="close" is-config="true" duration-ms="166" started-at="2020-01-06T13:13:46Z" finished-at="2020-01-06T13:13:46Z">
          <reporter-output>
          </reporter-output>
        </test-method> <!-- close -->
      </class> <!-- com.data.DataProviderConcept -->
    </test> <!-- Default test -->
  </suite> <!-- Default suite -->
</testng-results>
