<?xml version="1.0" encoding="UTF-8"?>
<!-- Generated by org.testng.reporters.JUnitXMLReporter -->
<testsuite hostname="DESKTOP-R408AKF" ignored="0" name="Default test" tests="3" failures="0" timestamp="06 Jan 2020 13:13:47 GMT" time="53.359" errors="0">
  <testcase name="testcase" time="7.4" classname="com.data.DataProviderConcept"/>
  <testcase name="testcase" time="8.83" classname="com.data.DataProviderConcept"/>
  <testcase name="testcase" time="10.746" classname="com.data.DataProviderConcept"/>
</testsuite> <!-- Default test -->
