<?xml version="1.0" encoding="UTF-8"?>
<testng-results skipped="0" failed="0" ignored="0" total="1" passed="1">
  <reporter-output>
  </reporter-output>
  <suite name="Default suite" duration-ms="4747" started-at="2020-02-01T07:16:34Z" finished-at="2020-02-01T07:16:38Z">
    <groups>
    </groups>
    <test name="Default test" duration-ms="4747" started-at="2020-02-01T07:16:34Z" finished-at="2020-02-01T07:16:38Z">
      <class name="com.api.tests.RestAssuredTest">
        <test-method status="PASS" signature="Season1()[pri:0, instance:com.api.tests.RestAssuredTest@457e2f02]" name="Season1" duration-ms="4711" started-at="2020-02-01T07:16:34Z" finished-at="2020-02-01T07:16:38Z">
          <reporter-output>
          </reporter-output>
        </test-method> <!-- Season1 -->
      </class> <!-- com.api.tests.RestAssuredTest -->
    </test> <!-- Default test -->
  </suite> <!-- Default suite -->
</testng-results>
