<?xml version="1.0" encoding="UTF-8"?>
<testng-results skipped="0" failed="0" ignored="0" total="3" passed="3">
  <reporter-output>
  </reporter-output>
  <suite name="Surefire suite" duration-ms="17922" started-at="2020-01-09T12:59:40 IST" finished-at="2020-01-09T12:59:58 IST">
    <groups>
    </groups>
    <test name="Surefire test" duration-ms="17922" started-at="2020-01-09T12:59:40 IST" finished-at="2020-01-09T12:59:58 IST">
      <class name="com.testing.framework.HomePageTest">
        <test-method status="PASS" signature="init()[pri:0, instance:com.testing.framework.HomePageTest@7fa98a66]" name="init" is-config="true" duration-ms="6363" started-at="2020-01-09T12:59:40 IST" finished-at="2020-01-09T12:59:46 IST">
          <reporter-output>
          </reporter-output>
        </test-method> <!-- init -->
        <test-method status="PASS" signature="Navigation()[pri:1, instance:com.testing.framework.HomePageTest@7fa98a66]" name="Navigation" duration-ms="3207" started-at="2020-01-09T12:59:46 IST" finished-at="2020-01-09T12:59:49 IST">
          <reporter-output>
          </reporter-output>
        </test-method> <!-- Navigation -->
        <test-method status="PASS" signature="validate_text_registor()[pri:2, instance:com.testing.framework.HomePageTest@7fa98a66]" name="validate_text_registor" duration-ms="43" started-at="2020-01-09T12:59:49 IST" finished-at="2020-01-09T12:59:49 IST">
          <reporter-output>
          </reporter-output>
        </test-method> <!-- validate_text_registor -->
        <test-method status="PASS" signature="login_page_data(java.lang.String, java.lang.String)[pri:3, instance:com.testing.framework.HomePageTest@7fa98a66]" name="login_page_data" duration-ms="8151" started-at="2020-01-09T12:59:49 IST" data-provider="getdata" finished-at="2020-01-09T12:59:58 IST">
          <params>
            <param index="0">
              <value>
                <![CDATA[abc@wq.com]]>
              </value>
            </param>
            <param index="1">
              <value>
                <![CDATA[123456]]>
              </value>
            </param>
          </params>
          <reporter-output>
          </reporter-output>
        </test-method> <!-- login_page_data -->
        <test-method status="PASS" signature="close_browser()[pri:0, instance:com.testing.framework.HomePageTest@7fa98a66]" name="close_browser" is-config="true" duration-ms="105" started-at="2020-01-09T12:59:58 IST" finished-at="2020-01-09T12:59:58 IST">
          <reporter-output>
          </reporter-output>
        </test-method> <!-- close_browser -->
      </class> <!-- com.testing.framework.HomePageTest -->
    </test> <!-- Surefire test -->
  </suite> <!-- Surefire suite -->
</testng-results>
